<?xml version="1.0" encoding="UTF-8"?>
<!-- Generated by org.testng.reporters.JUnitReportReporter -->
<testsuite skipped="0" hostname="LP-PC0MQFYK" name="Screenshot.Screenshot" tests="1" failures="0" timestamp="22 Mar 2019 18:06:21 GMT" time="12.878" errors="0">
  <testcase name="f" time="12.878" classname="Screenshot.Screenshot"/>
</testsuite> <!-- Screenshot.Screenshot -->
