<?xml version="1.0" encoding="UTF-8"?>
<!-- Generated by org.testng.reporters.JUnitReportReporter -->
<testsuite skipped="0" hostname="LP-PC0MQFYK" name="GetVSNavigate.GetVSNavigate" tests="1" failures="0" timestamp="20 Mar 2019 09:28:44 GMT" time="71.238" errors="0">
  <testcase name="f" time="71.238" classname="GetVSNavigate.GetVSNavigate"/>
</testsuite> <!-- GetVSNavigate.GetVSNavigate -->
