<?xml version="1.0" encoding="UTF-8"?>
<!-- Generated by org.testng.reporters.JUnitReportReporter -->
<testsuite skipped="0" hostname="LP-PC0MQFYK" name="FindElementVsFindElements.FindElementVsFindElements" tests="1" failures="0" timestamp="23 Mar 2019 15:11:42 GMT" time="14.586" errors="0">
  <testcase name="f" time="14.586" classname="FindElementVsFindElements.FindElementVsFindElements"/>
</testsuite> <!-- FindElementVsFindElements.FindElementVsFindElements -->
